  Manager.cpp
C:\Users\84947\Source\FinalProject_CS162\CS162-project\Project\Manager\include\MyFunction.h(63,106): warning C4244: '=': conversion from 'double' to 'float', possible loss of data
C:\Users\84947\Source\FinalProject_CS162\CS162-project\Project\Manager\Manager\Manager.cpp(24,35): warning C4838: conversion from 'int' to 'float' requires a narrowing conversion
C:\Users\84947\Source\FinalProject_CS162\CS162-project\Project\Manager\Manager\Manager.cpp(24,35): warning C4244: 'initializing': conversion from 'int' to 'float', possible loss of data
C:\Users\84947\Source\FinalProject_CS162\CS162-project\Project\Manager\Manager\Manager.cpp(24,64): warning C4838: conversion from 'int' to 'float' requires a narrowing conversion
C:\Users\84947\Source\FinalProject_CS162\CS162-project\Project\Manager\Manager\Manager.cpp(24,64): warning C4244: 'initializing': conversion from 'int' to 'float', possible loss of data
C:\Users\84947\Source\FinalProject_CS162\CS162-project\Project\Manager\Manager\Manager.cpp(25,35): warning C4838: conversion from 'int' to 'float' requires a narrowing conversion
C:\Users\84947\Source\FinalProject_CS162\CS162-project\Project\Manager\Manager\Manager.cpp(25,35): warning C4244: 'initializing': conversion from 'int' to 'float', possible loss of data
C:\Users\84947\Source\FinalProject_CS162\CS162-project\Project\Manager\Manager\Manager.cpp(25,64): warning C4838: conversion from 'int' to 'float' requires a narrowing conversion
C:\Users\84947\Source\FinalProject_CS162\CS162-project\Project\Manager\Manager\Manager.cpp(25,64): warning C4244: 'initializing': conversion from 'int' to 'float', possible loss of data
C:\Users\84947\Source\FinalProject_CS162\CS162-project\Project\Manager\Manager\Manager.cpp(29,35): warning C4838: conversion from 'int' to 'float' requires a narrowing conversion
C:\Users\84947\Source\FinalProject_CS162\CS162-project\Project\Manager\Manager\Manager.cpp(29,35): warning C4244: 'initializing': conversion from 'int' to 'float', possible loss of data
C:\Users\84947\Source\FinalProject_CS162\CS162-project\Project\Manager\Manager\Manager.cpp(29,68): warning C4838: conversion from 'int' to 'float' requires a narrowing conversion
C:\Users\84947\Source\FinalProject_CS162\CS162-project\Project\Manager\Manager\Manager.cpp(29,68): warning C4244: 'initializing': conversion from 'int' to 'float', possible loss of data
C:\Users\84947\Source\FinalProject_CS162\CS162-project\Project\Manager\Manager\Manager.cpp(30,35): warning C4838: conversion from 'int' to 'float' requires a narrowing conversion
C:\Users\84947\Source\FinalProject_CS162\CS162-project\Project\Manager\Manager\Manager.cpp(30,35): warning C4244: 'initializing': conversion from 'int' to 'float', possible loss of data
C:\Users\84947\Source\FinalProject_CS162\CS162-project\Project\Manager\Manager\Manager.cpp(30,68): warning C4838: conversion from 'int' to 'float' requires a narrowing conversion
C:\Users\84947\Source\FinalProject_CS162\CS162-project\Project\Manager\Manager\Manager.cpp(30,68): warning C4244: 'initializing': conversion from 'int' to 'float', possible loss of data
C:\Users\84947\Source\FinalProject_CS162\CS162-project\Project\Manager\Manager\Manager.cpp(31,35): warning C4838: conversion from 'int' to 'float' requires a narrowing conversion
C:\Users\84947\Source\FinalProject_CS162\CS162-project\Project\Manager\Manager\Manager.cpp(31,35): warning C4244: 'initializing': conversion from 'int' to 'float', possible loss of data
C:\Users\84947\Source\FinalProject_CS162\CS162-project\Project\Manager\Manager\Manager.cpp(31,70): warning C4838: conversion from 'int' to 'float' requires a narrowing conversion
C:\Users\84947\Source\FinalProject_CS162\CS162-project\Project\Manager\Manager\Manager.cpp(31,70): warning C4244: 'initializing': conversion from 'int' to 'float', possible loss of data
C:\Users\84947\Source\FinalProject_CS162\CS162-project\Project\Manager\Manager\Manager.cpp(32,36): warning C4838: conversion from 'int' to 'float' requires a narrowing conversion
C:\Users\84947\Source\FinalProject_CS162\CS162-project\Project\Manager\Manager\Manager.cpp(32,36): warning C4244: 'initializing': conversion from 'int' to 'float', possible loss of data
C:\Users\84947\Source\FinalProject_CS162\CS162-project\Project\Manager\Manager\Manager.cpp(36,41): warning C4838: conversion from 'int' to 'float' requires a narrowing conversion
C:\Users\84947\Source\FinalProject_CS162\CS162-project\Project\Manager\Manager\Manager.cpp(36,41): warning C4244: 'initializing': conversion from 'int' to 'float', possible loss of data
C:\Users\84947\Source\FinalProject_CS162\CS162-project\Project\Manager\Manager\Manager.cpp(36,75): warning C4838: conversion from 'int' to 'float' requires a narrowing conversion
C:\Users\84947\Source\FinalProject_CS162\CS162-project\Project\Manager\Manager\Manager.cpp(36,75): warning C4244: 'initializing': conversion from 'int' to 'float', possible loss of data
C:\Users\84947\Source\FinalProject_CS162\CS162-project\Project\Manager\Manager\Manager.cpp(37,41): warning C4838: conversion from 'int' to 'float' requires a narrowing conversion
C:\Users\84947\Source\FinalProject_CS162\CS162-project\Project\Manager\Manager\Manager.cpp(37,41): warning C4244: 'initializing': conversion from 'int' to 'float', possible loss of data
C:\Users\84947\Source\FinalProject_CS162\CS162-project\Project\Manager\Manager\Manager.cpp(37,74): warning C4838: conversion from 'int' to 'float' requires a narrowing conversion
C:\Users\84947\Source\FinalProject_CS162\CS162-project\Project\Manager\Manager\Manager.cpp(37,74): warning C4244: 'initializing': conversion from 'int' to 'float', possible loss of data
C:\Users\84947\Source\FinalProject_CS162\CS162-project\Project\Manager\Manager\Manager.cpp(38,41): warning C4838: conversion from 'int' to 'float' requires a narrowing conversion
C:\Users\84947\Source\FinalProject_CS162\CS162-project\Project\Manager\Manager\Manager.cpp(38,41): warning C4244: 'initializing': conversion from 'int' to 'float', possible loss of data
C:\Users\84947\Source\FinalProject_CS162\CS162-project\Project\Manager\Manager\Manager.cpp(38,73): warning C4838: conversion from 'int' to 'float' requires a narrowing conversion
C:\Users\84947\Source\FinalProject_CS162\CS162-project\Project\Manager\Manager\Manager.cpp(38,73): warning C4244: 'initializing': conversion from 'int' to 'float', possible loss of data
C:\Users\84947\Source\FinalProject_CS162\CS162-project\Project\Manager\Manager\Manager.cpp(39,41): warning C4838: conversion from 'int' to 'float' requires a narrowing conversion
C:\Users\84947\Source\FinalProject_CS162\CS162-project\Project\Manager\Manager\Manager.cpp(39,41): warning C4244: 'initializing': conversion from 'int' to 'float', possible loss of data
C:\Users\84947\Source\FinalProject_CS162\CS162-project\Project\Manager\Manager\Manager.cpp(39,74): warning C4838: conversion from 'int' to 'float' requires a narrowing conversion
C:\Users\84947\Source\FinalProject_CS162\CS162-project\Project\Manager\Manager\Manager.cpp(39,74): warning C4244: 'initializing': conversion from 'int' to 'float', possible loss of data
C:\Users\84947\Source\FinalProject_CS162\CS162-project\Project\Manager\Manager\Manager.cpp(42,32): warning C4838: conversion from 'int' to 'float' requires a narrowing conversion
C:\Users\84947\Source\FinalProject_CS162\CS162-project\Project\Manager\Manager\Manager.cpp(42,32): warning C4244: 'initializing': conversion from 'int' to 'float', possible loss of data
C:\Users\84947\Source\FinalProject_CS162\CS162-project\Project\Manager\Manager\Manager.cpp(47,46): warning C4838: conversion from 'int' to 'float' requires a narrowing conversion
C:\Users\84947\Source\FinalProject_CS162\CS162-project\Project\Manager\Manager\Manager.cpp(47,46): warning C4244: 'initializing': conversion from 'int' to 'float', possible loss of data
C:\Users\84947\Source\FinalProject_CS162\CS162-project\Project\Manager\Manager\Manager.cpp(47,69): warning C4838: conversion from 'int' to 'float' requires a narrowing conversion
C:\Users\84947\Source\FinalProject_CS162\CS162-project\Project\Manager\Manager\Manager.cpp(47,69): warning C4244: 'initializing': conversion from 'int' to 'float', possible loss of data
C:\Users\84947\Source\FinalProject_CS162\CS162-project\Project\Manager\Manager\Manager.cpp(48,45): warning C4838: conversion from 'int' to 'float' requires a narrowing conversion
C:\Users\84947\Source\FinalProject_CS162\CS162-project\Project\Manager\Manager\Manager.cpp(48,45): warning C4244: 'initializing': conversion from 'int' to 'float', possible loss of data
C:\Users\84947\Source\FinalProject_CS162\CS162-project\Project\Manager\Manager\Manager.cpp(48,68): warning C4838: conversion from 'int' to 'float' requires a narrowing conversion
C:\Users\84947\Source\FinalProject_CS162\CS162-project\Project\Manager\Manager\Manager.cpp(48,68): warning C4244: 'initializing': conversion from 'int' to 'float', possible loss of data
C:\Users\84947\Source\FinalProject_CS162\CS162-project\Project\Manager\Manager\Manager.cpp(49,45): warning C4838: conversion from 'int' to 'float' requires a narrowing conversion
C:\Users\84947\Source\FinalProject_CS162\CS162-project\Project\Manager\Manager\Manager.cpp(49,45): warning C4244: 'initializing': conversion from 'int' to 'float', possible loss of data
C:\Users\84947\Source\FinalProject_CS162\CS162-project\Project\Manager\Manager\Manager.cpp(49,68): warning C4838: conversion from 'int' to 'float' requires a narrowing conversion
C:\Users\84947\Source\FinalProject_CS162\CS162-project\Project\Manager\Manager\Manager.cpp(49,68): warning C4244: 'initializing': conversion from 'int' to 'float', possible loss of data
C:\Users\84947\Source\FinalProject_CS162\CS162-project\Project\Manager\Manager\Manager.cpp(50,45): warning C4838: conversion from 'int' to 'float' requires a narrowing conversion
C:\Users\84947\Source\FinalProject_CS162\CS162-project\Project\Manager\Manager\Manager.cpp(50,45): warning C4244: 'initializing': conversion from 'int' to 'float', possible loss of data
C:\Users\84947\Source\FinalProject_CS162\CS162-project\Project\Manager\Manager\Manager.cpp(50,68): warning C4838: conversion from 'int' to 'float' requires a narrowing conversion
C:\Users\84947\Source\FinalProject_CS162\CS162-project\Project\Manager\Manager\Manager.cpp(50,68): warning C4244: 'initializing': conversion from 'int' to 'float', possible loss of data
C:\Users\84947\Source\FinalProject_CS162\CS162-project\Project\Manager\Manager\Manager.cpp(51,45): warning C4838: conversion from 'int' to 'float' requires a narrowing conversion
C:\Users\84947\Source\FinalProject_CS162\CS162-project\Project\Manager\Manager\Manager.cpp(51,45): warning C4244: 'initializing': conversion from 'int' to 'float', possible loss of data
C:\Users\84947\Source\FinalProject_CS162\CS162-project\Project\Manager\Manager\Manager.cpp(51,68): warning C4838: conversion from 'int' to 'float' requires a narrowing conversion
C:\Users\84947\Source\FinalProject_CS162\CS162-project\Project\Manager\Manager\Manager.cpp(51,68): warning C4244: 'initializing': conversion from 'int' to 'float', possible loss of data
C:\Users\84947\Source\FinalProject_CS162\CS162-project\Project\Manager\Manager\Manager.cpp(52,36): warning C4838: conversion from 'int' to 'float' requires a narrowing conversion
C:\Users\84947\Source\FinalProject_CS162\CS162-project\Project\Manager\Manager\Manager.cpp(52,36): warning C4244: 'initializing': conversion from 'int' to 'float', possible loss of data
C:\Users\84947\Source\FinalProject_CS162\CS162-project\Project\Manager\Manager\Manager.cpp(57,36): warning C4838: conversion from 'int' to 'float' requires a narrowing conversion
C:\Users\84947\Source\FinalProject_CS162\CS162-project\Project\Manager\Manager\Manager.cpp(57,36): warning C4244: 'initializing': conversion from 'int' to 'float', possible loss of data
C:\Users\84947\Source\FinalProject_CS162\CS162-project\Project\Manager\Manager\Manager.cpp(67,36): warning C4838: conversion from 'int' to 'float' requires a narrowing conversion
C:\Users\84947\Source\FinalProject_CS162\CS162-project\Project\Manager\Manager\Manager.cpp(67,36): warning C4244: 'initializing': conversion from 'int' to 'float', possible loss of data
C:\Users\84947\Source\FinalProject_CS162\CS162-project\Project\Manager\Manager\Manager.cpp(79,36): warning C4838: conversion from 'int' to 'float' requires a narrowing conversion
C:\Users\84947\Source\FinalProject_CS162\CS162-project\Project\Manager\Manager\Manager.cpp(79,36): warning C4244: 'initializing': conversion from 'int' to 'float', possible loss of data
C:\Users\84947\Source\FinalProject_CS162\CS162-project\Project\Manager\Manager\Manager.cpp(80,31): warning C4838: conversion from 'int' to 'float' requires a narrowing conversion
C:\Users\84947\Source\FinalProject_CS162\CS162-project\Project\Manager\Manager\Manager.cpp(80,31): warning C4244: 'initializing': conversion from 'int' to 'float', possible loss of data
C:\Users\84947\Source\FinalProject_CS162\CS162-project\Project\Manager\Manager\Manager.cpp(80,56): warning C4838: conversion from 'int' to 'float' requires a narrowing conversion
C:\Users\84947\Source\FinalProject_CS162\CS162-project\Project\Manager\Manager\Manager.cpp(80,56): warning C4244: 'initializing': conversion from 'int' to 'float', possible loss of data
C:\Users\84947\Source\FinalProject_CS162\CS162-project\Project\Manager\Manager\Manager.cpp(83,35): warning C4838: conversion from 'int' to 'float' requires a narrowing conversion
C:\Users\84947\Source\FinalProject_CS162\CS162-project\Project\Manager\Manager\Manager.cpp(83,35): warning C4244: 'initializing': conversion from 'int' to 'float', possible loss of data
C:\Users\84947\Source\FinalProject_CS162\CS162-project\Project\Manager\Manager\Manager.cpp(83,69): warning C4838: conversion from 'int' to 'float' requires a narrowing conversion
C:\Users\84947\Source\FinalProject_CS162\CS162-project\Project\Manager\Manager\Manager.cpp(83,69): warning C4244: 'initializing': conversion from 'int' to 'float', possible loss of data
C:\Users\84947\Source\FinalProject_CS162\CS162-project\Project\Manager\Manager\Manager.cpp(84,35): warning C4838: conversion from 'int' to 'float' requires a narrowing conversion
C:\Users\84947\Source\FinalProject_CS162\CS162-project\Project\Manager\Manager\Manager.cpp(84,35): warning C4244: 'initializing': conversion from 'int' to 'float', possible loss of data
C:\Users\84947\Source\FinalProject_CS162\CS162-project\Project\Manager\Manager\Manager.cpp(84,68): warning C4838: conversion from 'int' to 'float' requires a narrowing conversion
C:\Users\84947\Source\FinalProject_CS162\CS162-project\Project\Manager\Manager\Manager.cpp(84,68): warning C4244: 'initializing': conversion from 'int' to 'float', possible loss of data
C:\Users\84947\Source\FinalProject_CS162\CS162-project\Project\Manager\Manager\Manager.cpp(85,35): warning C4838: conversion from 'int' to 'float' requires a narrowing conversion
C:\Users\84947\Source\FinalProject_CS162\CS162-project\Project\Manager\Manager\Manager.cpp(85,35): warning C4244: 'initializing': conversion from 'int' to 'float', possible loss of data
C:\Users\84947\Source\FinalProject_CS162\CS162-project\Project\Manager\Manager\Manager.cpp(85,68): warning C4838: conversion from 'int' to 'float' requires a narrowing conversion
C:\Users\84947\Source\FinalProject_CS162\CS162-project\Project\Manager\Manager\Manager.cpp(85,68): warning C4244: 'initializing': conversion from 'int' to 'float', possible loss of data
C:\Users\84947\Source\FinalProject_CS162\CS162-project\Project\Manager\Manager\Manager.cpp(86,35): warning C4838: conversion from 'int' to 'float' requires a narrowing conversion
C:\Users\84947\Source\FinalProject_CS162\CS162-project\Project\Manager\Manager\Manager.cpp(86,35): warning C4244: 'initializing': conversion from 'int' to 'float', possible loss of data
C:\Users\84947\Source\FinalProject_CS162\CS162-project\Project\Manager\Manager\Manager.cpp(86,70): warning C4838: conversion from 'int' to 'float' requires a narrowing conversion
C:\Users\84947\Source\FinalProject_CS162\CS162-project\Project\Manager\Manager\Manager.cpp(86,70): warning C4244: 'initializing': conversion from 'int' to 'float', possible loss of data
C:\Users\84947\Source\FinalProject_CS162\CS162-project\Project\Manager\Manager\Manager.cpp(87,36): warning C4838: conversion from 'int' to 'float' requires a narrowing conversion
C:\Users\84947\Source\FinalProject_CS162\CS162-project\Project\Manager\Manager\Manager.cpp(87,36): warning C4244: 'initializing': conversion from 'int' to 'float', possible loss of data
C:\Users\84947\Source\FinalProject_CS162\CS162-project\Project\Manager\Manager\Manager.cpp(91,41): warning C4838: conversion from 'int' to 'float' requires a narrowing conversion
C:\Users\84947\Source\FinalProject_CS162\CS162-project\Project\Manager\Manager\Manager.cpp(91,41): warning C4244: 'initializing': conversion from 'int' to 'float', possible loss of data
C:\Users\84947\Source\FinalProject_CS162\CS162-project\Project\Manager\Manager\Manager.cpp(92,41): warning C4838: conversion from 'int' to 'float' requires a narrowing conversion
C:\Users\84947\Source\FinalProject_CS162\CS162-project\Project\Manager\Manager\Manager.cpp(92,41): warning C4244: 'initializing': conversion from 'int' to 'float', possible loss of data
C:\Users\84947\Source\FinalProject_CS162\CS162-project\Project\Manager\Manager\Manager.cpp(93,41): warning C4838: conversion from 'int' to 'float' requires a narrowing conversion
C:\Users\84947\Source\FinalProject_CS162\CS162-project\Project\Manager\Manager\Manager.cpp(93,41): warning C4244: 'initializing': conversion from 'int' to 'float', possible loss of data
C:\Users\84947\Source\FinalProject_CS162\CS162-project\Project\Manager\Manager\Manager.cpp(94,36): warning C4838: conversion from 'int' to 'float' requires a narrowing conversion
C:\Users\84947\Source\FinalProject_CS162\CS162-project\Project\Manager\Manager\Manager.cpp(94,36): warning C4244: 'initializing': conversion from 'int' to 'float', possible loss of data
C:\Users\84947\Source\FinalProject_CS162\CS162-project\Project\Manager\Manager\Manager.cpp(96,27): warning C4838: conversion from 'int' to 'float' requires a narrowing conversion
C:\Users\84947\Source\FinalProject_CS162\CS162-project\Project\Manager\Manager\Manager.cpp(96,27): warning C4244: 'initializing': conversion from 'int' to 'float', possible loss of data
C:\Users\84947\Source\FinalProject_CS162\CS162-project\Project\Manager\Manager\Manager.cpp(96,52): warning C4838: conversion from 'int' to 'float' requires a narrowing conversion
C:\Users\84947\Source\FinalProject_CS162\CS162-project\Project\Manager\Manager\Manager.cpp(96,52): warning C4244: 'initializing': conversion from 'int' to 'float', possible loss of data
C:\Users\84947\Source\FinalProject_CS162\CS162-project\Project\Manager\Manager\Manager.cpp(97,32): warning C4838: conversion from 'int' to 'float' requires a narrowing conversion
C:\Users\84947\Source\FinalProject_CS162\CS162-project\Project\Manager\Manager\Manager.cpp(97,32): warning C4244: 'initializing': conversion from 'int' to 'float', possible loss of data
C:\Users\84947\Source\FinalProject_CS162\CS162-project\Project\Manager\Manager\Manager.cpp(104,32): warning C4838: conversion from 'int' to 'float' requires a narrowing conversion
C:\Users\84947\Source\FinalProject_CS162\CS162-project\Project\Manager\Manager\Manager.cpp(104,32): warning C4244: 'initializing': conversion from 'int' to 'float', possible loss of data
C:\Users\84947\Source\FinalProject_CS162\CS162-project\Project\Manager\Manager\Manager.cpp(111,33): warning C4244: '=': conversion from 'int' to 'float', possible loss of data
C:\Users\84947\Source\FinalProject_CS162\CS162-project\Project\Manager\Manager\Manager.cpp(128,32): warning C4838: conversion from 'int' to 'float' requires a narrowing conversion
C:\Users\84947\Source\FinalProject_CS162\CS162-project\Project\Manager\Manager\Manager.cpp(128,32): warning C4244: 'initializing': conversion from 'int' to 'float', possible loss of data
  menu.cpp
C:\Users\84947\Source\FinalProject_CS162\CS162-project\Project\Manager\include\MyFunction.h(63,106): warning C4244: '=': conversion from 'double' to 'float', possible loss of data
C:\Users\84947\Source\FinalProject_CS162\CS162-project\Project\Manager\Manager\menu.cpp(34,88): warning C4244: 'argument': conversion from 'float' to 'int', possible loss of data
C:\Users\84947\Source\FinalProject_CS162\CS162-project\Project\Manager\Manager\menu.cpp(34,69): warning C4244: 'argument': conversion from 'float' to 'int', possible loss of data
C:\Users\84947\Source\FinalProject_CS162\CS162-project\Project\Manager\Manager\menu.cpp(34,54): warning C4244: 'argument': conversion from 'float' to 'int', possible loss of data
C:\Users\84947\Source\FinalProject_CS162\CS162-project\Project\Manager\Manager\menu.cpp(34,39): warning C4244: 'argument': conversion from 'float' to 'int', possible loss of data
C:\Users\84947\Source\FinalProject_CS162\CS162-project\Project\Manager\Manager\menu.cpp(36,88): warning C4244: 'argument': conversion from 'float' to 'int', possible loss of data
C:\Users\84947\Source\FinalProject_CS162\CS162-project\Project\Manager\Manager\menu.cpp(36,69): warning C4244: 'argument': conversion from 'float' to 'int', possible loss of data
C:\Users\84947\Source\FinalProject_CS162\CS162-project\Project\Manager\Manager\menu.cpp(36,54): warning C4244: 'argument': conversion from 'float' to 'int', possible loss of data
C:\Users\84947\Source\FinalProject_CS162\CS162-project\Project\Manager\Manager\menu.cpp(36,39): warning C4244: 'argument': conversion from 'float' to 'int', possible loss of data
C:\Users\84947\Source\FinalProject_CS162\CS162-project\Project\Manager\Manager\menu.cpp(160,53): warning C4244: 'argument': conversion from 'float' to 'int', possible loss of data
C:\Users\84947\Source\FinalProject_CS162\CS162-project\Project\Manager\Manager\menu.cpp(160,32): warning C4244: 'argument': conversion from 'float' to 'int', possible loss of data
C:\Users\84947\Source\FinalProject_CS162\CS162-project\Project\Manager\Manager\menu.cpp(161,57): warning C4244: 'argument': conversion from 'float' to 'int', possible loss of data
C:\Users\84947\Source\FinalProject_CS162\CS162-project\Project\Manager\Manager\menu.cpp(161,36): warning C4244: 'argument': conversion from 'float' to 'int', possible loss of data
C:\Users\84947\Source\FinalProject_CS162\CS162-project\Project\Manager\Manager\menu.cpp(162,83): warning C4244: 'argument': conversion from 'float' to 'int', possible loss of data
C:\Users\84947\Source\FinalProject_CS162\CS162-project\Project\Manager\Manager\menu.cpp(162,63): warning C4244: 'argument': conversion from 'float' to 'int', possible loss of data
C:\Users\84947\Source\FinalProject_CS162\CS162-project\Project\Manager\Manager\menu.cpp(162,47): warning C4244: 'argument': conversion from 'float' to 'int', possible loss of data
C:\Users\84947\Source\FinalProject_CS162\CS162-project\Project\Manager\Manager\menu.cpp(162,31): warning C4244: 'argument': conversion from 'float' to 'int', possible loss of data
C:\Users\84947\Source\FinalProject_CS162\CS162-project\Project\Manager\Manager\menu.cpp(167,92): warning C4244: 'argument': conversion from 'float' to 'int', possible loss of data
C:\Users\84947\Source\FinalProject_CS162\CS162-project\Project\Manager\Manager\menu.cpp(167,72): warning C4244: 'argument': conversion from 'float' to 'int', possible loss of data
C:\Users\84947\Source\FinalProject_CS162\CS162-project\Project\Manager\Manager\menu.cpp(167,56): warning C4244: 'argument': conversion from 'float' to 'int', possible loss of data
C:\Users\84947\Source\FinalProject_CS162\CS162-project\Project\Manager\Manager\menu.cpp(167,40): warning C4244: 'argument': conversion from 'float' to 'int', possible loss of data
C:\Users\84947\Source\FinalProject_CS162\CS162-project\Project\Manager\Manager\menu.cpp(168,92): warning C4244: 'argument': conversion from 'float' to 'int', possible loss of data
C:\Users\84947\Source\FinalProject_CS162\CS162-project\Project\Manager\Manager\menu.cpp(168,72): warning C4244: 'argument': conversion from 'float' to 'int', possible loss of data
C:\Users\84947\Source\FinalProject_CS162\CS162-project\Project\Manager\Manager\menu.cpp(168,56): warning C4244: 'argument': conversion from 'float' to 'int', possible loss of data
C:\Users\84947\Source\FinalProject_CS162\CS162-project\Project\Manager\Manager\menu.cpp(168,40): warning C4244: 'argument': conversion from 'float' to 'int', possible loss of data
C:\Users\84947\Source\FinalProject_CS162\CS162-project\Project\Manager\Manager\menu.cpp(173,92): warning C4244: 'argument': conversion from 'float' to 'int', possible loss of data
C:\Users\84947\Source\FinalProject_CS162\CS162-project\Project\Manager\Manager\menu.cpp(173,72): warning C4244: 'argument': conversion from 'float' to 'int', possible loss of data
C:\Users\84947\Source\FinalProject_CS162\CS162-project\Project\Manager\Manager\menu.cpp(173,56): warning C4244: 'argument': conversion from 'float' to 'int', possible loss of data
C:\Users\84947\Source\FinalProject_CS162\CS162-project\Project\Manager\Manager\menu.cpp(173,40): warning C4244: 'argument': conversion from 'float' to 'int', possible loss of data
C:\Users\84947\Source\FinalProject_CS162\CS162-project\Project\Manager\Manager\menu.cpp(174,92): warning C4244: 'argument': conversion from 'float' to 'int', possible loss of data
C:\Users\84947\Source\FinalProject_CS162\CS162-project\Project\Manager\Manager\menu.cpp(174,72): warning C4244: 'argument': conversion from 'float' to 'int', possible loss of data
C:\Users\84947\Source\FinalProject_CS162\CS162-project\Project\Manager\Manager\menu.cpp(174,56): warning C4244: 'argument': conversion from 'float' to 'int', possible loss of data
C:\Users\84947\Source\FinalProject_CS162\CS162-project\Project\Manager\Manager\menu.cpp(174,40): warning C4244: 'argument': conversion from 'float' to 'int', possible loss of data
C:\Users\84947\Source\FinalProject_CS162\CS162-project\Project\Manager\Manager\menu.cpp(176,132): warning C4244: 'argument': conversion from 'float' to 'int', possible loss of data
C:\Users\84947\Source\FinalProject_CS162\CS162-project\Project\Manager\Manager\menu.cpp(176,103): warning C4244: 'argument': conversion from 'float' to 'int', possible loss of data
C:\Users\84947\Source\FinalProject_CS162\CS162-project\Project\Manager\Manager\menu.cpp(176,78): warning C4244: 'argument': conversion from 'float' to 'int', possible loss of data
C:\Users\84947\Source\FinalProject_CS162\CS162-project\Project\Manager\Manager\menu.cpp(176,53): warning C4244: 'argument': conversion from 'float' to 'int', possible loss of data
C:\Users\84947\Source\FinalProject_CS162\CS162-project\Project\Manager\Manager\menu.cpp(178,124): warning C4244: 'argument': conversion from 'float' to 'int', possible loss of data
C:\Users\84947\Source\FinalProject_CS162\CS162-project\Project\Manager\Manager\menu.cpp(178,95): warning C4244: 'argument': conversion from 'float' to 'int', possible loss of data
C:\Users\84947\Source\FinalProject_CS162\CS162-project\Project\Manager\Manager\menu.cpp(178,70): warning C4244: 'argument': conversion from 'float' to 'int', possible loss of data
C:\Users\84947\Source\FinalProject_CS162\CS162-project\Project\Manager\Manager\menu.cpp(178,45): warning C4244: 'argument': conversion from 'float' to 'int', possible loss of data
C:\Users\84947\Source\FinalProject_CS162\CS162-project\Project\Manager\Manager\menu.cpp(230,128): warning C4244: 'argument': conversion from 'float' to 'int', possible loss of data
C:\Users\84947\Source\FinalProject_CS162\CS162-project\Project\Manager\Manager\menu.cpp(230,100): warning C4244: 'argument': conversion from 'float' to 'int', possible loss of data
C:\Users\84947\Source\FinalProject_CS162\CS162-project\Project\Manager\Manager\menu.cpp(230,76): warning C4244: 'argument': conversion from 'float' to 'int', possible loss of data
C:\Users\84947\Source\FinalProject_CS162\CS162-project\Project\Manager\Manager\menu.cpp(230,52): warning C4244: 'argument': conversion from 'float' to 'int', possible loss of data
C:\Users\84947\Source\FinalProject_CS162\CS162-project\Project\Manager\Manager\menu.cpp(276,128): warning C4244: 'argument': conversion from 'float' to 'int', possible loss of data
C:\Users\84947\Source\FinalProject_CS162\CS162-project\Project\Manager\Manager\menu.cpp(276,100): warning C4244: 'argument': conversion from 'float' to 'int', possible loss of data
C:\Users\84947\Source\FinalProject_CS162\CS162-project\Project\Manager\Manager\menu.cpp(276,76): warning C4244: 'argument': conversion from 'float' to 'int', possible loss of data
C:\Users\84947\Source\FinalProject_CS162\CS162-project\Project\Manager\Manager\menu.cpp(276,52): warning C4244: 'argument': conversion from 'float' to 'int', possible loss of data
C:\Users\84947\Source\FinalProject_CS162\CS162-project\Project\Manager\Manager\menu.cpp(308,136): warning C4244: 'argument': conversion from 'float' to 'int', possible loss of data
C:\Users\84947\Source\FinalProject_CS162\CS162-project\Project\Manager\Manager\menu.cpp(308,105): warning C4244: 'argument': conversion from 'float' to 'int', possible loss of data
C:\Users\84947\Source\FinalProject_CS162\CS162-project\Project\Manager\Manager\menu.cpp(308,78): warning C4244: 'argument': conversion from 'float' to 'int', possible loss of data
C:\Users\84947\Source\FinalProject_CS162\CS162-project\Project\Manager\Manager\menu.cpp(308,51): warning C4244: 'argument': conversion from 'float' to 'int', possible loss of data
C:\Users\84947\Source\FinalProject_CS162\CS162-project\Project\Manager\Manager\menu.cpp(360,172): warning C4244: 'argument': conversion from 'float' to 'int', possible loss of data
C:\Users\84947\Source\FinalProject_CS162\CS162-project\Project\Manager\Manager\menu.cpp(360,131): warning C4244: 'argument': conversion from 'float' to 'int', possible loss of data
C:\Users\84947\Source\FinalProject_CS162\CS162-project\Project\Manager\Manager\menu.cpp(360,94): warning C4244: 'argument': conversion from 'float' to 'int', possible loss of data
C:\Users\84947\Source\FinalProject_CS162\CS162-project\Project\Manager\Manager\menu.cpp(360,57): warning C4244: 'argument': conversion from 'float' to 'int', possible loss of data
C:\Users\84947\Source\FinalProject_CS162\CS162-project\Project\Manager\Manager\menu.cpp(363,153): warning C4244: 'argument': conversion from 'float' to 'int', possible loss of data
C:\Users\84947\Source\FinalProject_CS162\CS162-project\Project\Manager\Manager\menu.cpp(363,120): warning C4244: 'argument': conversion from 'float' to 'int', possible loss of data
C:\Users\84947\Source\FinalProject_CS162\CS162-project\Project\Manager\Manager\menu.cpp(423,164): warning C4244: 'argument': conversion from 'float' to 'int', possible loss of data
C:\Users\84947\Source\FinalProject_CS162\CS162-project\Project\Manager\Manager\menu.cpp(423,125): warning C4244: 'argument': conversion from 'float' to 'int', possible loss of data
C:\Users\84947\Source\FinalProject_CS162\CS162-project\Project\Manager\Manager\menu.cpp(423,90): warning C4244: 'argument': conversion from 'float' to 'int', possible loss of data
C:\Users\84947\Source\FinalProject_CS162\CS162-project\Project\Manager\Manager\menu.cpp(423,55): warning C4244: 'argument': conversion from 'float' to 'int', possible loss of data
C:\Users\84947\Source\FinalProject_CS162\CS162-project\Project\Manager\Manager\menu.cpp(425,84): warning C4244: 'argument': conversion from 'float' to 'int', possible loss of data
C:\Users\84947\Source\FinalProject_CS162\CS162-project\Project\Manager\Manager\menu.cpp(425,53): warning C4244: 'argument': conversion from 'float' to 'int', possible loss of data
C:\Users\84947\Source\FinalProject_CS162\CS162-project\Project\Manager\Manager\menu.cpp(426,84): warning C4244: 'argument': conversion from 'float' to 'int', possible loss of data
C:\Users\84947\Source\FinalProject_CS162\CS162-project\Project\Manager\Manager\menu.cpp(426,53): warning C4244: 'argument': conversion from 'float' to 'int', possible loss of data
C:\Users\84947\Source\FinalProject_CS162\CS162-project\Project\Manager\Manager\menu.cpp(427,84): warning C4244: 'argument': conversion from 'float' to 'int', possible loss of data
C:\Users\84947\Source\FinalProject_CS162\CS162-project\Project\Manager\Manager\menu.cpp(427,53): warning C4244: 'argument': conversion from 'float' to 'int', possible loss of data
C:\Users\84947\Source\FinalProject_CS162\CS162-project\Project\Manager\Manager\menu.cpp(481,164): warning C4244: 'argument': conversion from 'float' to 'int', possible loss of data
C:\Users\84947\Source\FinalProject_CS162\CS162-project\Project\Manager\Manager\menu.cpp(481,127): warning C4244: 'argument': conversion from 'float' to 'int', possible loss of data
C:\Users\84947\Source\FinalProject_CS162\CS162-project\Project\Manager\Manager\menu.cpp(481,94): warning C4244: 'argument': conversion from 'float' to 'int', possible loss of data
C:\Users\84947\Source\FinalProject_CS162\CS162-project\Project\Manager\Manager\menu.cpp(481,61): warning C4244: 'argument': conversion from 'float' to 'int', possible loss of data
C:\Users\84947\Source\FinalProject_CS162\CS162-project\Project\Manager\Manager\menu.cpp(494,159): warning C4244: 'argument': conversion from 'float' to 'int', possible loss of data
C:\Users\84947\Source\FinalProject_CS162\CS162-project\Project\Manager\Manager\menu.cpp(494,122): warning C4244: 'argument': conversion from 'float' to 'int', possible loss of data
C:\Users\84947\Source\FinalProject_CS162\CS162-project\Project\Manager\Manager\menu.cpp(494,89): warning C4244: 'argument': conversion from 'float' to 'int', possible loss of data
C:\Users\84947\Source\FinalProject_CS162\CS162-project\Project\Manager\Manager\menu.cpp(494,56): warning C4244: 'argument': conversion from 'float' to 'int', possible loss of data
C:\Users\84947\Source\FinalProject_CS162\CS162-project\Project\Manager\Manager\menu.cpp(496,164): warning C4244: 'argument': conversion from 'float' to 'int', possible loss of data
C:\Users\84947\Source\FinalProject_CS162\CS162-project\Project\Manager\Manager\menu.cpp(496,127): warning C4244: 'argument': conversion from 'float' to 'int', possible loss of data
C:\Users\84947\Source\FinalProject_CS162\CS162-project\Project\Manager\Manager\menu.cpp(496,94): warning C4244: 'argument': conversion from 'float' to 'int', possible loss of data
C:\Users\84947\Source\FinalProject_CS162\CS162-project\Project\Manager\Manager\menu.cpp(496,61): warning C4244: 'argument': conversion from 'float' to 'int', possible loss of data
C:\Users\84947\Source\FinalProject_CS162\CS162-project\Project\Manager\Manager\menu.cpp(497,101): warning C4244: 'argument': conversion from 'float' to 'int', possible loss of data
C:\Users\84947\Source\FinalProject_CS162\CS162-project\Project\Manager\Manager\menu.cpp(497,75): warning C4244: 'argument': conversion from 'float' to 'int', possible loss of data
C:\Users\84947\Source\FinalProject_CS162\CS162-project\Project\Manager\Manager\menu.cpp(497,48): warning C4244: 'argument': conversion from 'float' to 'int', possible loss of data
C:\Users\84947\Source\FinalProject_CS162\CS162-project\Project\Manager\Manager\menu.cpp(500,93): warning C4244: 'argument': conversion from 'float' to 'int', possible loss of data
C:\Users\84947\Source\FinalProject_CS162\CS162-project\Project\Manager\Manager\menu.cpp(500,46): warning C4244: 'argument': conversion from 'float' to 'int', possible loss of data
C:\Users\84947\Source\FinalProject_CS162\CS162-project\Project\Manager\Manager\menu.cpp(502,127): warning C4244: 'argument': conversion from 'float' to 'int', possible loss of data
C:\Users\84947\Source\FinalProject_CS162\CS162-project\Project\Manager\Manager\menu.cpp(502,99): warning C4244: 'argument': conversion from 'float' to 'int', possible loss of data
C:\Users\84947\Source\FinalProject_CS162\CS162-project\Project\Manager\Manager\menu.cpp(502,75): warning C4244: 'argument': conversion from 'float' to 'int', possible loss of data
C:\Users\84947\Source\FinalProject_CS162\CS162-project\Project\Manager\Manager\menu.cpp(502,51): warning C4244: 'argument': conversion from 'float' to 'int', possible loss of data
C:\Users\84947\Source\FinalProject_CS162\CS162-project\Project\Manager\Manager\menu.cpp(504,100): warning C4244: 'argument': conversion from 'float' to 'int', possible loss of data
C:\Users\84947\Source\FinalProject_CS162\CS162-project\Project\Manager\Manager\menu.cpp(506,99): warning C4244: 'argument': conversion from 'float' to 'int', possible loss of data
C:\Users\84947\Source\FinalProject_CS162\CS162-project\Project\Manager\Manager\menu.cpp(508,103): warning C4244: 'argument': conversion from 'float' to 'int', possible loss of data
C:\Users\84947\Source\FinalProject_CS162\CS162-project\Project\Manager\Manager\menu.cpp(510,105): warning C4244: 'argument': conversion from 'float' to 'int', possible loss of data
C:\Users\84947\Source\FinalProject_CS162\CS162-project\Project\Manager\Manager\menu.cpp(512,103): warning C4244: 'argument': conversion from 'float' to 'int', possible loss of data
C:\Users\84947\Source\FinalProject_CS162\CS162-project\Project\Manager\Manager\menu.cpp(514,89): warning C4244: 'argument': conversion from 'float' to 'int', possible loss of data
C:\Users\84947\Source\FinalProject_CS162\CS162-project\Project\Manager\Manager\menu.cpp(515,82): warning C4244: 'argument': conversion from 'float' to 'int', possible loss of data
C:\Users\84947\Source\FinalProject_CS162\CS162-project\Project\Manager\Manager\menu.cpp(516,74): warning C4244: 'argument': conversion from 'float' to 'int', possible loss of data
C:\Users\84947\Source\FinalProject_CS162\CS162-project\Project\Manager\Manager\menu.cpp(518,80): warning C4244: 'argument': conversion from 'float' to 'int', possible loss of data
C:\Users\84947\Source\FinalProject_CS162\CS162-project\Project\Manager\Manager\menu.cpp(518,46): warning C4244: 'argument': conversion from 'float' to 'int', possible loss of data
C:\Users\84947\Source\FinalProject_CS162\CS162-project\Project\Manager\Manager\menu.cpp(519,80): warning C4244: 'argument': conversion from 'float' to 'int', possible loss of data
C:\Users\84947\Source\FinalProject_CS162\CS162-project\Project\Manager\Manager\menu.cpp(519,46): warning C4244: 'argument': conversion from 'float' to 'int', possible loss of data
C:\Users\84947\Source\FinalProject_CS162\CS162-project\Project\Manager\Manager\menu.cpp(520,80): warning C4244: 'argument': conversion from 'float' to 'int', possible loss of data
C:\Users\84947\Source\FinalProject_CS162\CS162-project\Project\Manager\Manager\menu.cpp(520,46): warning C4244: 'argument': conversion from 'float' to 'int', possible loss of data
C:\Users\84947\Source\FinalProject_CS162\CS162-project\Project\Manager\Manager\menu.cpp(521,80): warning C4244: 'argument': conversion from 'float' to 'int', possible loss of data
C:\Users\84947\Source\FinalProject_CS162\CS162-project\Project\Manager\Manager\menu.cpp(521,46): warning C4244: 'argument': conversion from 'float' to 'int', possible loss of data
C:\Users\84947\Source\FinalProject_CS162\CS162-project\Project\Manager\Manager\menu.cpp(522,80): warning C4244: 'argument': conversion from 'float' to 'int', possible loss of data
C:\Users\84947\Source\FinalProject_CS162\CS162-project\Project\Manager\Manager\menu.cpp(522,46): warning C4244: 'argument': conversion from 'float' to 'int', possible loss of data
C:\Users\84947\Source\FinalProject_CS162\CS162-project\Project\Manager\Manager\menu.cpp(523,80): warning C4244: 'argument': conversion from 'float' to 'int', possible loss of data
C:\Users\84947\Source\FinalProject_CS162\CS162-project\Project\Manager\Manager\menu.cpp(523,46): warning C4244: 'argument': conversion from 'float' to 'int', possible loss of data
C:\Users\84947\Source\FinalProject_CS162\CS162-project\Project\Manager\Manager\menu.cpp(524,82): warning C4244: 'argument': conversion from 'float' to 'int', possible loss of data
C:\Users\84947\Source\FinalProject_CS162\CS162-project\Project\Manager\Manager\menu.cpp(524,47): warning C4244: 'argument': conversion from 'float' to 'int', possible loss of data
C:\Users\84947\Source\FinalProject_CS162\CS162-project\Project\Manager\Manager\menu.cpp(590,135): warning C4244: 'argument': conversion from 'float' to 'int', possible loss of data
C:\Users\84947\Source\FinalProject_CS162\CS162-project\Project\Manager\Manager\menu.cpp(590,102): warning C4244: 'argument': conversion from 'float' to 'int', possible loss of data
C:\Users\84947\Source\FinalProject_CS162\CS162-project\Project\Manager\Manager\menu.cpp(590,73): warning C4244: 'argument': conversion from 'float' to 'int', possible loss of data
C:\Users\84947\Source\FinalProject_CS162\CS162-project\Project\Manager\Manager\menu.cpp(590,44): warning C4244: 'argument': conversion from 'float' to 'int', possible loss of data
C:\Users\84947\Source\FinalProject_CS162\CS162-project\Project\Manager\Manager\menu.cpp(595,281): warning C4244: 'argument': conversion from 'float' to 'int', possible loss of data
C:\Users\84947\Source\FinalProject_CS162\CS162-project\Project\Manager\Manager\menu.cpp(595,239): warning C4244: 'argument': conversion from 'float' to 'int', possible loss of data
C:\Users\84947\Source\FinalProject_CS162\CS162-project\Project\Manager\Manager\menu.cpp(595,201): warning C4244: 'argument': conversion from 'float' to 'int', possible loss of data
C:\Users\84947\Source\FinalProject_CS162\CS162-project\Project\Manager\Manager\menu.cpp(595,163): warning C4244: 'argument': conversion from 'float' to 'int', possible loss of data
C:\Users\84947\Source\FinalProject_CS162\CS162-project\Project\Manager\Manager\menu.cpp(789,73): warning C4244: 'argument': conversion from 'float' to 'int', possible loss of data
C:\Users\84947\Source\FinalProject_CS162\CS162-project\Project\Manager\Manager\menu.cpp(789,47): warning C4244: 'argument': conversion from 'float' to 'int', possible loss of data
C:\Users\84947\Source\FinalProject_CS162\CS162-project\Project\Manager\Manager\menu.cpp(790,73): warning C4244: 'argument': conversion from 'float' to 'int', possible loss of data
C:\Users\84947\Source\FinalProject_CS162\CS162-project\Project\Manager\Manager\menu.cpp(790,47): warning C4244: 'argument': conversion from 'float' to 'int', possible loss of data
C:\Users\84947\Source\FinalProject_CS162\CS162-project\Project\Manager\Manager\menu.cpp(791,77): warning C4244: 'argument': conversion from 'float' to 'int', possible loss of data
C:\Users\84947\Source\FinalProject_CS162\CS162-project\Project\Manager\Manager\menu.cpp(791,51): warning C4244: 'argument': conversion from 'float' to 'int', possible loss of data
C:\Users\84947\Source\FinalProject_CS162\CS162-project\Project\Manager\Manager\menu.cpp(792,103): warning C4244: 'argument': conversion from 'float' to 'int', possible loss of data
C:\Users\84947\Source\FinalProject_CS162\CS162-project\Project\Manager\Manager\menu.cpp(792,78): warning C4244: 'argument': conversion from 'float' to 'int', possible loss of data
C:\Users\84947\Source\FinalProject_CS162\CS162-project\Project\Manager\Manager\menu.cpp(792,57): warning C4244: 'argument': conversion from 'float' to 'int', possible loss of data
C:\Users\84947\Source\FinalProject_CS162\CS162-project\Project\Manager\Manager\menu.cpp(792,36): warning C4244: 'argument': conversion from 'float' to 'int', possible loss of data
C:\Users\84947\Source\FinalProject_CS162\CS162-project\Project\Manager\Manager\menu.cpp(797,112): warning C4244: 'argument': conversion from 'float' to 'int', possible loss of data
C:\Users\84947\Source\FinalProject_CS162\CS162-project\Project\Manager\Manager\menu.cpp(797,87): warning C4244: 'argument': conversion from 'float' to 'int', possible loss of data
C:\Users\84947\Source\FinalProject_CS162\CS162-project\Project\Manager\Manager\menu.cpp(797,66): warning C4244: 'argument': conversion from 'float' to 'int', possible loss of data
C:\Users\84947\Source\FinalProject_CS162\CS162-project\Project\Manager\Manager\menu.cpp(797,45): warning C4244: 'argument': conversion from 'float' to 'int', possible loss of data
C:\Users\84947\Source\FinalProject_CS162\CS162-project\Project\Manager\Manager\menu.cpp(798,112): warning C4244: 'argument': conversion from 'float' to 'int', possible loss of data
C:\Users\84947\Source\FinalProject_CS162\CS162-project\Project\Manager\Manager\menu.cpp(798,87): warning C4244: 'argument': conversion from 'float' to 'int', possible loss of data
C:\Users\84947\Source\FinalProject_CS162\CS162-project\Project\Manager\Manager\menu.cpp(798,66): warning C4244: 'argument': conversion from 'float' to 'int', possible loss of data
C:\Users\84947\Source\FinalProject_CS162\CS162-project\Project\Manager\Manager\menu.cpp(798,45): warning C4244: 'argument': conversion from 'float' to 'int', possible loss of data
C:\Users\84947\Source\FinalProject_CS162\CS162-project\Project\Manager\Manager\menu.cpp(799,112): warning C4244: 'argument': conversion from 'float' to 'int', possible loss of data
C:\Users\84947\Source\FinalProject_CS162\CS162-project\Project\Manager\Manager\menu.cpp(799,87): warning C4244: 'argument': conversion from 'float' to 'int', possible loss of data
C:\Users\84947\Source\FinalProject_CS162\CS162-project\Project\Manager\Manager\menu.cpp(799,66): warning C4244: 'argument': conversion from 'float' to 'int', possible loss of data
C:\Users\84947\Source\FinalProject_CS162\CS162-project\Project\Manager\Manager\menu.cpp(799,45): warning C4244: 'argument': conversion from 'float' to 'int', possible loss of data
C:\Users\84947\Source\FinalProject_CS162\CS162-project\Project\Manager\Manager\menu.cpp(804,112): warning C4244: 'argument': conversion from 'float' to 'int', possible loss of data
C:\Users\84947\Source\FinalProject_CS162\CS162-project\Project\Manager\Manager\menu.cpp(804,87): warning C4244: 'argument': conversion from 'float' to 'int', possible loss of data
C:\Users\84947\Source\FinalProject_CS162\CS162-project\Project\Manager\Manager\menu.cpp(804,66): warning C4244: 'argument': conversion from 'float' to 'int', possible loss of data
C:\Users\84947\Source\FinalProject_CS162\CS162-project\Project\Manager\Manager\menu.cpp(804,45): warning C4244: 'argument': conversion from 'float' to 'int', possible loss of data
C:\Users\84947\Source\FinalProject_CS162\CS162-project\Project\Manager\Manager\menu.cpp(805,112): warning C4244: 'argument': conversion from 'float' to 'int', possible loss of data
C:\Users\84947\Source\FinalProject_CS162\CS162-project\Project\Manager\Manager\menu.cpp(805,87): warning C4244: 'argument': conversion from 'float' to 'int', possible loss of data
C:\Users\84947\Source\FinalProject_CS162\CS162-project\Project\Manager\Manager\menu.cpp(805,66): warning C4244: 'argument': conversion from 'float' to 'int', possible loss of data
C:\Users\84947\Source\FinalProject_CS162\CS162-project\Project\Manager\Manager\menu.cpp(805,45): warning C4244: 'argument': conversion from 'float' to 'int', possible loss of data
C:\Users\84947\Source\FinalProject_CS162\CS162-project\Project\Manager\Manager\menu.cpp(806,112): warning C4244: 'argument': conversion from 'float' to 'int', possible loss of data
C:\Users\84947\Source\FinalProject_CS162\CS162-project\Project\Manager\Manager\menu.cpp(806,87): warning C4244: 'argument': conversion from 'float' to 'int', possible loss of data
C:\Users\84947\Source\FinalProject_CS162\CS162-project\Project\Manager\Manager\menu.cpp(806,66): warning C4244: 'argument': conversion from 'float' to 'int', possible loss of data
C:\Users\84947\Source\FinalProject_CS162\CS162-project\Project\Manager\Manager\menu.cpp(806,45): warning C4244: 'argument': conversion from 'float' to 'int', possible loss of data
C:\Users\84947\Source\FinalProject_CS162\CS162-project\Project\Manager\Manager\menu.cpp(808,152): warning C4244: 'argument': conversion from 'float' to 'int', possible loss of data
C:\Users\84947\Source\FinalProject_CS162\CS162-project\Project\Manager\Manager\menu.cpp(808,118): warning C4244: 'argument': conversion from 'float' to 'int', possible loss of data
C:\Users\84947\Source\FinalProject_CS162\CS162-project\Project\Manager\Manager\menu.cpp(808,88): warning C4244: 'argument': conversion from 'float' to 'int', possible loss of data
C:\Users\84947\Source\FinalProject_CS162\CS162-project\Project\Manager\Manager\menu.cpp(808,58): warning C4244: 'argument': conversion from 'float' to 'int', possible loss of data
C:\Users\84947\Source\FinalProject_CS162\CS162-project\Project\Manager\Manager\menu.cpp(810,144): warning C4244: 'argument': conversion from 'float' to 'int', possible loss of data
C:\Users\84947\Source\FinalProject_CS162\CS162-project\Project\Manager\Manager\menu.cpp(810,110): warning C4244: 'argument': conversion from 'float' to 'int', possible loss of data
C:\Users\84947\Source\FinalProject_CS162\CS162-project\Project\Manager\Manager\menu.cpp(810,80): warning C4244: 'argument': conversion from 'float' to 'int', possible loss of data
C:\Users\84947\Source\FinalProject_CS162\CS162-project\Project\Manager\Manager\menu.cpp(810,50): warning C4244: 'argument': conversion from 'float' to 'int', possible loss of data
C:\Users\84947\Source\FinalProject_CS162\CS162-project\Project\Manager\Manager\menu.cpp(1030,103): warning C4244: 'argument': conversion from 'float' to 'int', possible loss of data
C:\Users\84947\Source\FinalProject_CS162\CS162-project\Project\Manager\Manager\menu.cpp(1030,78): warning C4244: 'argument': conversion from 'float' to 'int', possible loss of data
C:\Users\84947\Source\FinalProject_CS162\CS162-project\Project\Manager\Manager\menu.cpp(1030,57): warning C4244: 'argument': conversion from 'float' to 'int', possible loss of data
C:\Users\84947\Source\FinalProject_CS162\CS162-project\Project\Manager\Manager\menu.cpp(1030,36): warning C4244: 'argument': conversion from 'float' to 'int', possible loss of data
C:\Users\84947\Source\FinalProject_CS162\CS162-project\Project\Manager\Manager\menu.cpp(1035,107): warning C4244: 'argument': conversion from 'float' to 'int', possible loss of data
C:\Users\84947\Source\FinalProject_CS162\CS162-project\Project\Manager\Manager\menu.cpp(1035,82): warning C4244: 'argument': conversion from 'float' to 'int', possible loss of data
C:\Users\84947\Source\FinalProject_CS162\CS162-project\Project\Manager\Manager\menu.cpp(1035,61): warning C4244: 'argument': conversion from 'float' to 'int', possible loss of data
C:\Users\84947\Source\FinalProject_CS162\CS162-project\Project\Manager\Manager\menu.cpp(1035,40): warning C4244: 'argument': conversion from 'float' to 'int', possible loss of data
C:\Users\84947\Source\FinalProject_CS162\CS162-project\Project\Manager\Manager\menu.cpp(1036,90): warning C4244: 'argument': conversion from 'float' to 'int', possible loss of data
C:\Users\84947\Source\FinalProject_CS162\CS162-project\Project\Manager\Manager\menu.cpp(1036,64): warning C4244: 'argument': conversion from 'float' to 'int', possible loss of data
C:\Users\84947\Source\FinalProject_CS162\CS162-project\Project\Manager\Manager\menu.cpp(1039,148): warning C4244: 'argument': conversion from 'float' to 'int', possible loss of data
C:\Users\84947\Source\FinalProject_CS162\CS162-project\Project\Manager\Manager\menu.cpp(1039,114): warning C4244: 'argument': conversion from 'float' to 'int', possible loss of data
C:\Users\84947\Source\FinalProject_CS162\CS162-project\Project\Manager\Manager\menu.cpp(1039,84): warning C4244: 'argument': conversion from 'float' to 'int', possible loss of data
C:\Users\84947\Source\FinalProject_CS162\CS162-project\Project\Manager\Manager\menu.cpp(1039,54): warning C4244: 'argument': conversion from 'float' to 'int', possible loss of data
C:\Users\84947\Source\FinalProject_CS162\CS162-project\Project\Manager\Manager\menu.cpp(1061,92): warning C4244: 'argument': conversion from 'float' to 'int', possible loss of data
C:\Users\84947\Source\FinalProject_CS162\CS162-project\Project\Manager\Manager\menu.cpp(1061,72): warning C4244: 'argument': conversion from 'float' to 'int', possible loss of data
C:\Users\84947\Source\FinalProject_CS162\CS162-project\Project\Manager\Manager\menu.cpp(1061,56): warning C4244: 'argument': conversion from 'float' to 'int', possible loss of data
C:\Users\84947\Source\FinalProject_CS162\CS162-project\Project\Manager\Manager\menu.cpp(1061,40): warning C4244: 'argument': conversion from 'float' to 'int', possible loss of data
C:\Users\84947\Source\FinalProject_CS162\CS162-project\Project\Manager\Manager\menu.cpp(1103,168): warning C4244: 'argument': conversion from 'float' to 'int', possible loss of data
C:\Users\84947\Source\FinalProject_CS162\CS162-project\Project\Manager\Manager\menu.cpp(1103,129): warning C4244: 'argument': conversion from 'float' to 'int', possible loss of data
C:\Users\84947\Source\FinalProject_CS162\CS162-project\Project\Manager\Manager\menu.cpp(1103,94): warning C4244: 'argument': conversion from 'float' to 'int', possible loss of data
C:\Users\84947\Source\FinalProject_CS162\CS162-project\Project\Manager\Manager\menu.cpp(1103,59): warning C4244: 'argument': conversion from 'float' to 'int', possible loss of data
C:\Users\84947\Source\FinalProject_CS162\CS162-project\Project\Manager\Manager\menu.cpp(1105,117): warning C4244: 'argument': conversion from 'float' to 'int', possible loss of data
C:\Users\84947\Source\FinalProject_CS162\CS162-project\Project\Manager\Manager\menu.cpp(1105,86): warning C4244: 'argument': conversion from 'float' to 'int', possible loss of data
C:\Users\84947\Source\FinalProject_CS162\CS162-project\Project\Manager\Manager\menu.cpp(1151,208): warning C4244: 'argument': conversion from 'float' to 'int', possible loss of data
C:\Users\84947\Source\FinalProject_CS162\CS162-project\Project\Manager\Manager\menu.cpp(1151,159): warning C4244: 'argument': conversion from 'float' to 'int', possible loss of data
C:\Users\84947\Source\FinalProject_CS162\CS162-project\Project\Manager\Manager\menu.cpp(1151,114): warning C4244: 'argument': conversion from 'float' to 'int', possible loss of data
C:\Users\84947\Source\FinalProject_CS162\CS162-project\Project\Manager\Manager\menu.cpp(1151,69): warning C4244: 'argument': conversion from 'float' to 'int', possible loss of data
C:\Users\84947\Source\FinalProject_CS162\CS162-project\Project\Manager\Manager\menu.cpp(1182,41): warning C4244: '=': conversion from 'int' to 'float', possible loss of data
C:\Users\84947\Source\FinalProject_CS162\CS162-project\Project\Manager\Manager\menu.cpp(1252,103): warning C4244: 'argument': conversion from 'float' to 'int', possible loss of data
C:\Users\84947\Source\FinalProject_CS162\CS162-project\Project\Manager\Manager\menu.cpp(1252,78): warning C4244: 'argument': conversion from 'float' to 'int', possible loss of data
C:\Users\84947\Source\FinalProject_CS162\CS162-project\Project\Manager\Manager\menu.cpp(1252,57): warning C4244: 'argument': conversion from 'float' to 'int', possible loss of data
C:\Users\84947\Source\FinalProject_CS162\CS162-project\Project\Manager\Manager\menu.cpp(1252,36): warning C4244: 'argument': conversion from 'float' to 'int', possible loss of data
C:\Users\84947\Source\FinalProject_CS162\CS162-project\Project\Manager\Manager\menu.cpp(1254,139): warning C4244: 'argument': conversion from 'float' to 'int', possible loss of data
C:\Users\84947\Source\FinalProject_CS162\CS162-project\Project\Manager\Manager\menu.cpp(1254,106): warning C4244: 'argument': conversion from 'float' to 'int', possible loss of data
C:\Users\84947\Source\FinalProject_CS162\CS162-project\Project\Manager\Manager\menu.cpp(1254,77): warning C4244: 'argument': conversion from 'float' to 'int', possible loss of data
C:\Users\84947\Source\FinalProject_CS162\CS162-project\Project\Manager\Manager\menu.cpp(1254,48): warning C4244: 'argument': conversion from 'float' to 'int', possible loss of data
C:\Users\84947\Source\FinalProject_CS162\CS162-project\Project\Manager\Manager\menu.cpp(1256,144): warning C4244: 'argument': conversion from 'float' to 'int', possible loss of data
C:\Users\84947\Source\FinalProject_CS162\CS162-project\Project\Manager\Manager\menu.cpp(1256,111): warning C4244: 'argument': conversion from 'float' to 'int', possible loss of data
C:\Users\84947\Source\FinalProject_CS162\CS162-project\Project\Manager\Manager\menu.cpp(1256,82): warning C4244: 'argument': conversion from 'float' to 'int', possible loss of data
C:\Users\84947\Source\FinalProject_CS162\CS162-project\Project\Manager\Manager\menu.cpp(1256,53): warning C4244: 'argument': conversion from 'float' to 'int', possible loss of data
C:\Users\84947\Source\FinalProject_CS162\CS162-project\Project\Manager\Manager\menu.cpp(1259,79): warning C4244: 'argument': conversion from 'float' to 'int', possible loss of data
C:\Users\84947\Source\FinalProject_CS162\CS162-project\Project\Manager\Manager\menu.cpp(1259,53): warning C4244: 'argument': conversion from 'float' to 'int', possible loss of data
C:\Users\84947\Source\FinalProject_CS162\CS162-project\Project\Manager\Manager\menu.cpp(1260,93): warning C4244: 'argument': conversion from 'float' to 'int', possible loss of data
C:\Users\84947\Source\FinalProject_CS162\CS162-project\Project\Manager\Manager\menu.cpp(1260,68): warning C4244: 'argument': conversion from 'float' to 'int', possible loss of data
C:\Users\84947\Source\FinalProject_CS162\CS162-project\Project\Manager\Manager\menu.cpp(1264,93): warning C4244: 'argument': conversion from 'float' to 'int', possible loss of data
C:\Users\84947\Source\FinalProject_CS162\CS162-project\Project\Manager\Manager\menu.cpp(1264,68): warning C4244: 'argument': conversion from 'float' to 'int', possible loss of data
C:\Users\84947\Source\FinalProject_CS162\CS162-project\Project\Manager\Manager\menu.cpp(1265,79): warning C4244: 'argument': conversion from 'float' to 'int', possible loss of data
C:\Users\84947\Source\FinalProject_CS162\CS162-project\Project\Manager\Manager\menu.cpp(1265,53): warning C4244: 'argument': conversion from 'float' to 'int', possible loss of data
C:\Users\84947\Source\FinalProject_CS162\CS162-project\Project\Manager\Manager\menu.cpp(1267,104): warning C4244: 'argument': conversion from 'float' to 'int', possible loss of data
C:\Users\84947\Source\FinalProject_CS162\CS162-project\Project\Manager\Manager\menu.cpp(1267,80): warning C4244: 'argument': conversion from 'float' to 'int', possible loss of data
C:\Users\84947\Source\FinalProject_CS162\CS162-project\Project\Manager\Manager\menu.cpp(1267,60): warning C4244: 'argument': conversion from 'float' to 'int', possible loss of data
C:\Users\84947\Source\FinalProject_CS162\CS162-project\Project\Manager\Manager\menu.cpp(1267,40): warning C4244: 'argument': conversion from 'float' to 'int', possible loss of data
C:\Users\84947\Source\FinalProject_CS162\CS162-project\Project\Manager\Manager\menu.cpp(1270,83): warning C4244: 'argument': conversion from 'float' to 'int', possible loss of data
C:\Users\84947\Source\FinalProject_CS162\CS162-project\Project\Manager\Manager\menu.cpp(1270,58): warning C4244: 'argument': conversion from 'float' to 'int', possible loss of data
C:\Users\84947\Source\FinalProject_CS162\CS162-project\Project\Manager\Manager\menu.cpp(1271,108): warning C4244: 'argument': conversion from 'float' to 'int', possible loss of data
C:\Users\84947\Source\FinalProject_CS162\CS162-project\Project\Manager\Manager\menu.cpp(1271,84): warning C4244: 'argument': conversion from 'float' to 'int', possible loss of data
C:\Users\84947\Source\FinalProject_CS162\CS162-project\Project\Manager\Manager\menu.cpp(1271,64): warning C4244: 'argument': conversion from 'float' to 'int', possible loss of data
C:\Users\84947\Source\FinalProject_CS162\CS162-project\Project\Manager\Manager\menu.cpp(1271,44): warning C4244: 'argument': conversion from 'float' to 'int', possible loss of data
C:\Users\84947\Source\FinalProject_CS162\CS162-project\Project\Manager\Manager\menu.cpp(1304,41): warning C4244: '=': conversion from 'int' to 'float', possible loss of data
C:\Users\84947\Source\FinalProject_CS162\CS162-project\Project\Manager\Manager\menu.cpp(1333,139): warning C4244: 'argument': conversion from 'float' to 'int', possible loss of data
C:\Users\84947\Source\FinalProject_CS162\CS162-project\Project\Manager\Manager\menu.cpp(1333,106): warning C4244: 'argument': conversion from 'float' to 'int', possible loss of data
C:\Users\84947\Source\FinalProject_CS162\CS162-project\Project\Manager\Manager\menu.cpp(1333,77): warning C4244: 'argument': conversion from 'float' to 'int', possible loss of data
C:\Users\84947\Source\FinalProject_CS162\CS162-project\Project\Manager\Manager\menu.cpp(1333,48): warning C4244: 'argument': conversion from 'float' to 'int', possible loss of data
C:\Users\84947\Source\FinalProject_CS162\CS162-project\Project\Manager\Manager\menu.cpp(1335,144): warning C4244: 'argument': conversion from 'float' to 'int', possible loss of data
C:\Users\84947\Source\FinalProject_CS162\CS162-project\Project\Manager\Manager\menu.cpp(1335,111): warning C4244: 'argument': conversion from 'float' to 'int', possible loss of data
C:\Users\84947\Source\FinalProject_CS162\CS162-project\Project\Manager\Manager\menu.cpp(1335,82): warning C4244: 'argument': conversion from 'float' to 'int', possible loss of data
C:\Users\84947\Source\FinalProject_CS162\CS162-project\Project\Manager\Manager\menu.cpp(1335,53): warning C4244: 'argument': conversion from 'float' to 'int', possible loss of data
C:\Users\84947\Source\FinalProject_CS162\CS162-project\Project\Manager\Manager\menu.cpp(1336,104): warning C4244: 'argument': conversion from 'float' to 'int', possible loss of data
C:\Users\84947\Source\FinalProject_CS162\CS162-project\Project\Manager\Manager\menu.cpp(1336,80): warning C4244: 'argument': conversion from 'float' to 'int', possible loss of data
C:\Users\84947\Source\FinalProject_CS162\CS162-project\Project\Manager\Manager\menu.cpp(1336,60): warning C4244: 'argument': conversion from 'float' to 'int', possible loss of data
C:\Users\84947\Source\FinalProject_CS162\CS162-project\Project\Manager\Manager\menu.cpp(1336,40): warning C4244: 'argument': conversion from 'float' to 'int', possible loss of data
C:\Users\84947\Source\FinalProject_CS162\CS162-project\Project\Manager\Manager\menu.cpp(1342,68): warning C4244: 'argument': conversion from 'float' to 'int', possible loss of data
C:\Users\84947\Source\FinalProject_CS162\CS162-project\Project\Manager\Manager\menu.cpp(1343,75): warning C4244: 'argument': conversion from 'float' to 'int', possible loss of data
C:\Users\84947\Source\FinalProject_CS162\CS162-project\Project\Manager\Manager\menu.cpp(1344,73): warning C4244: 'argument': conversion from 'float' to 'int', possible loss of data
C:\Users\84947\Source\FinalProject_CS162\CS162-project\Project\Manager\Manager\menu.cpp(1345,72): warning C4244: 'argument': conversion from 'float' to 'int', possible loss of data
C:\Users\84947\Source\FinalProject_CS162\CS162-project\Project\Manager\Manager\menu.cpp(1346,72): warning C4244: 'argument': conversion from 'float' to 'int', possible loss of data
C:\Users\84947\Source\FinalProject_CS162\CS162-project\Project\Manager\Manager\menu.cpp(1348,112): warning C4244: 'argument': conversion from 'float' to 'int', possible loss of data
C:\Users\84947\Source\FinalProject_CS162\CS162-project\Project\Manager\Manager\menu.cpp(1348,88): warning C4244: 'argument': conversion from 'float' to 'int', possible loss of data
C:\Users\84947\Source\FinalProject_CS162\CS162-project\Project\Manager\Manager\menu.cpp(1348,68): warning C4244: 'argument': conversion from 'float' to 'int', possible loss of data
C:\Users\84947\Source\FinalProject_CS162\CS162-project\Project\Manager\Manager\menu.cpp(1348,48): warning C4244: 'argument': conversion from 'float' to 'int', possible loss of data
C:\Users\84947\Source\FinalProject_CS162\CS162-project\Project\Manager\Manager\menu.cpp(1350,84): warning C4244: 'argument': conversion from 'float' to 'int', possible loss of data
C:\Users\84947\Source\FinalProject_CS162\CS162-project\Project\Manager\Manager\menu.cpp(1350,39): warning C4244: 'argument': conversion from 'float' to 'int', possible loss of data
C:\Users\84947\Source\FinalProject_CS162\CS162-project\Project\Manager\Manager\menu.cpp(1351,84): warning C4244: 'argument': conversion from 'float' to 'int', possible loss of data
C:\Users\84947\Source\FinalProject_CS162\CS162-project\Project\Manager\Manager\menu.cpp(1351,39): warning C4244: 'argument': conversion from 'float' to 'int', possible loss of data
C:\Users\84947\Source\FinalProject_CS162\CS162-project\Project\Manager\Manager\menu.cpp(1352,84): warning C4244: 'argument': conversion from 'float' to 'int', possible loss of data
C:\Users\84947\Source\FinalProject_CS162\CS162-project\Project\Manager\Manager\menu.cpp(1352,39): warning C4244: 'argument': conversion from 'float' to 'int', possible loss of data
C:\Users\84947\Source\FinalProject_CS162\CS162-project\Project\Manager\Manager\menu.cpp(1353,84): warning C4244: 'argument': conversion from 'float' to 'int', possible loss of data
C:\Users\84947\Source\FinalProject_CS162\CS162-project\Project\Manager\Manager\menu.cpp(1353,39): warning C4244: 'argument': conversion from 'float' to 'int', possible loss of data
C:\Users\84947\Source\FinalProject_CS162\CS162-project\Project\Manager\Manager\menu.cpp(1357,107): warning C4244: 'argument': conversion from 'float' to 'int', possible loss of data
C:\Users\84947\Source\FinalProject_CS162\CS162-project\Project\Manager\Manager\menu.cpp(1357,82): warning C4244: 'argument': conversion from 'float' to 'int', possible loss of data
C:\Users\84947\Source\FinalProject_CS162\CS162-project\Project\Manager\Manager\menu.cpp(1357,61): warning C4244: 'argument': conversion from 'float' to 'int', possible loss of data
C:\Users\84947\Source\FinalProject_CS162\CS162-project\Project\Manager\Manager\menu.cpp(1357,40): warning C4244: 'argument': conversion from 'float' to 'int', possible loss of data
C:\Users\84947\Source\FinalProject_CS162\CS162-project\Project\Manager\Manager\menu.cpp(1358,78): warning C4244: 'argument': conversion from 'float' to 'int', possible loss of data
C:\Users\84947\Source\FinalProject_CS162\CS162-project\Project\Manager\Manager\menu.cpp(1358,52): warning C4244: 'argument': conversion from 'float' to 'int', possible loss of data
C:\Users\84947\Source\FinalProject_CS162\CS162-project\Project\Manager\Manager\menu.cpp(1359,113): warning C4244: 'argument': conversion from 'float' to 'int', possible loss of data
C:\Users\84947\Source\FinalProject_CS162\CS162-project\Project\Manager\Manager\menu.cpp(1359,88): warning C4244: 'argument': conversion from 'float' to 'int', possible loss of data
C:\Users\84947\Source\FinalProject_CS162\CS162-project\Project\Manager\Manager\menu.cpp(1359,67): warning C4244: 'argument': conversion from 'float' to 'int', possible loss of data
C:\Users\84947\Source\FinalProject_CS162\CS162-project\Project\Manager\Manager\menu.cpp(1359,43): warning C4244: 'argument': conversion from 'float' to 'int', possible loss of data
C:\Users\84947\Source\FinalProject_CS162\CS162-project\Project\Manager\Manager\menu.cpp(1360,80): warning C4244: 'argument': conversion from 'float' to 'int', possible loss of data
C:\Users\84947\Source\FinalProject_CS162\CS162-project\Project\Manager\Manager\menu.cpp(1360,53): warning C4244: 'argument': conversion from 'float' to 'int', possible loss of data
C:\Users\84947\Source\FinalProject_CS162\CS162-project\Project\Manager\Manager\menu.cpp(1361,50): warning C4244: 'argument': conversion from 'float' to 'int', possible loss of data
C:\Users\84947\Source\FinalProject_CS162\CS162-project\Project\Manager\Manager\menu.cpp(1362,48): warning C4244: 'argument': conversion from 'float' to 'int', possible loss of data
C:\Users\84947\Source\FinalProject_CS162\CS162-project\Project\Manager\Manager\menu.cpp(1365,71): warning C4244: 'argument': conversion from 'float' to 'int', possible loss of data
C:\Users\84947\Source\FinalProject_CS162\CS162-project\Project\Manager\Manager\menu.cpp(1366,69): warning C4244: 'argument': conversion from 'float' to 'int', possible loss of data
C:\Users\84947\Source\FinalProject_CS162\CS162-project\Project\Manager\Manager\menu.cpp(1368,112): warning C4244: 'argument': conversion from 'float' to 'int', possible loss of data
C:\Users\84947\Source\FinalProject_CS162\CS162-project\Project\Manager\Manager\menu.cpp(1368,88): warning C4244: 'argument': conversion from 'float' to 'int', possible loss of data
C:\Users\84947\Source\FinalProject_CS162\CS162-project\Project\Manager\Manager\menu.cpp(1368,68): warning C4244: 'argument': conversion from 'float' to 'int', possible loss of data
C:\Users\84947\Source\FinalProject_CS162\CS162-project\Project\Manager\Manager\menu.cpp(1368,48): warning C4244: 'argument': conversion from 'float' to 'int', possible loss of data
C:\Users\84947\Source\FinalProject_CS162\CS162-project\Project\Manager\Manager\menu.cpp(1369,88): warning C4244: 'argument': conversion from 'float' to 'int', possible loss of data
C:\Users\84947\Source\FinalProject_CS162\CS162-project\Project\Manager\Manager\menu.cpp(1369,43): warning C4244: 'argument': conversion from 'float' to 'int', possible loss of data
C:\Users\84947\Source\FinalProject_CS162\CS162-project\Project\Manager\Manager\menu.cpp(1450,148): warning C4244: 'argument': conversion from 'float' to 'int', possible loss of data
C:\Users\84947\Source\FinalProject_CS162\CS162-project\Project\Manager\Manager\menu.cpp(1450,114): warning C4244: 'argument': conversion from 'float' to 'int', possible loss of data
C:\Users\84947\Source\FinalProject_CS162\CS162-project\Project\Manager\Manager\menu.cpp(1450,84): warning C4244: 'argument': conversion from 'float' to 'int', possible loss of data
C:\Users\84947\Source\FinalProject_CS162\CS162-project\Project\Manager\Manager\menu.cpp(1450,54): warning C4244: 'argument': conversion from 'float' to 'int', possible loss of data
C:\Users\84947\Source\FinalProject_CS162\CS162-project\Project\Manager\Manager\menu.cpp(1452,112): warning C4244: 'argument': conversion from 'float' to 'int', possible loss of data
C:\Users\84947\Source\FinalProject_CS162\CS162-project\Project\Manager\Manager\menu.cpp(1452,87): warning C4244: 'argument': conversion from 'float' to 'int', possible loss of data
C:\Users\84947\Source\FinalProject_CS162\CS162-project\Project\Manager\Manager\menu.cpp(1452,66): warning C4244: 'argument': conversion from 'float' to 'int', possible loss of data
C:\Users\84947\Source\FinalProject_CS162\CS162-project\Project\Manager\Manager\menu.cpp(1452,45): warning C4244: 'argument': conversion from 'float' to 'int', possible loss of data
C:\Users\84947\Source\FinalProject_CS162\CS162-project\Project\Manager\Manager\menu.cpp(1454,112): warning C4244: 'argument': conversion from 'float' to 'int', possible loss of data
C:\Users\84947\Source\FinalProject_CS162\CS162-project\Project\Manager\Manager\menu.cpp(1454,87): warning C4244: 'argument': conversion from 'float' to 'int', possible loss of data
C:\Users\84947\Source\FinalProject_CS162\CS162-project\Project\Manager\Manager\menu.cpp(1454,66): warning C4244: 'argument': conversion from 'float' to 'int', possible loss of data
C:\Users\84947\Source\FinalProject_CS162\CS162-project\Project\Manager\Manager\menu.cpp(1454,45): warning C4244: 'argument': conversion from 'float' to 'int', possible loss of data
C:\Users\84947\Source\FinalProject_CS162\CS162-project\Project\Manager\Manager\menu.cpp(1455,103): warning C4244: 'argument': conversion from 'float' to 'int', possible loss of data
C:\Users\84947\Source\FinalProject_CS162\CS162-project\Project\Manager\Manager\menu.cpp(1455,78): warning C4244: 'argument': conversion from 'float' to 'int', possible loss of data
C:\Users\84947\Source\FinalProject_CS162\CS162-project\Project\Manager\Manager\menu.cpp(1455,57): warning C4244: 'argument': conversion from 'float' to 'int', possible loss of data
C:\Users\84947\Source\FinalProject_CS162\CS162-project\Project\Manager\Manager\menu.cpp(1455,36): warning C4244: 'argument': conversion from 'float' to 'int', possible loss of data
C:\Users\84947\Source\FinalProject_CS162\CS162-project\Project\Manager\Manager\menu.cpp(1456,71): warning C4244: 'argument': conversion from 'float' to 'int', possible loss of data
C:\Users\84947\Source\FinalProject_CS162\CS162-project\Project\Manager\Manager\menu.cpp(1456,45): warning C4244: 'argument': conversion from 'float' to 'int', possible loss of data
C:\Users\84947\Source\FinalProject_CS162\CS162-project\Project\Manager\Manager\menu.cpp(1457,108): warning C4244: 'argument': conversion from 'float' to 'int', possible loss of data
C:\Users\84947\Source\FinalProject_CS162\CS162-project\Project\Manager\Manager\menu.cpp(1457,82): warning C4244: 'argument': conversion from 'float' to 'int', possible loss of data
C:\Users\84947\Source\FinalProject_CS162\CS162-project\Project\Manager\Manager\menu.cpp(1459,66): warning C4244: 'argument': conversion from 'float' to 'int', possible loss of data
C:\Users\84947\Source\FinalProject_CS162\CS162-project\Project\Manager\Manager\menu.cpp(1459,40): warning C4244: 'argument': conversion from 'float' to 'int', possible loss of data
C:\Users\84947\Source\FinalProject_CS162\CS162-project\Project\Manager\Manager\menu.cpp(1521,124): warning C4244: 'argument': conversion from 'float' to 'int', possible loss of data
C:\Users\84947\Source\FinalProject_CS162\CS162-project\Project\Manager\Manager\menu.cpp(1521,96): warning C4244: 'argument': conversion from 'float' to 'int', possible loss of data
C:\Users\84947\Source\FinalProject_CS162\CS162-project\Project\Manager\Manager\menu.cpp(1521,72): warning C4244: 'argument': conversion from 'float' to 'int', possible loss of data
C:\Users\84947\Source\FinalProject_CS162\CS162-project\Project\Manager\Manager\menu.cpp(1521,48): warning C4244: 'argument': conversion from 'float' to 'int', possible loss of data
C:\Users\84947\Source\FinalProject_CS162\CS162-project\Project\Manager\Manager\menu.cpp(1523,124): warning C4244: 'argument': conversion from 'float' to 'int', possible loss of data
C:\Users\84947\Source\FinalProject_CS162\CS162-project\Project\Manager\Manager\menu.cpp(1523,95): warning C4244: 'argument': conversion from 'float' to 'int', possible loss of data
C:\Users\84947\Source\FinalProject_CS162\CS162-project\Project\Manager\Manager\menu.cpp(1523,70): warning C4244: 'argument': conversion from 'float' to 'int', possible loss of data
C:\Users\84947\Source\FinalProject_CS162\CS162-project\Project\Manager\Manager\menu.cpp(1523,45): warning C4244: 'argument': conversion from 'float' to 'int', possible loss of data
C:\Users\84947\Source\FinalProject_CS162\CS162-project\Project\Manager\Manager\menu.cpp(1524,124): warning C4244: 'argument': conversion from 'float' to 'int', possible loss of data
C:\Users\84947\Source\FinalProject_CS162\CS162-project\Project\Manager\Manager\menu.cpp(1524,95): warning C4244: 'argument': conversion from 'float' to 'int', possible loss of data
C:\Users\84947\Source\FinalProject_CS162\CS162-project\Project\Manager\Manager\menu.cpp(1524,70): warning C4244: 'argument': conversion from 'float' to 'int', possible loss of data
C:\Users\84947\Source\FinalProject_CS162\CS162-project\Project\Manager\Manager\menu.cpp(1524,45): warning C4244: 'argument': conversion from 'float' to 'int', possible loss of data
C:\Users\84947\Source\FinalProject_CS162\CS162-project\Project\Manager\Manager\menu.cpp(1542,128): warning C4244: 'argument': conversion from 'float' to 'int', possible loss of data
C:\Users\84947\Source\FinalProject_CS162\CS162-project\Project\Manager\Manager\menu.cpp(1542,99): warning C4244: 'argument': conversion from 'float' to 'int', possible loss of data
C:\Users\84947\Source\FinalProject_CS162\CS162-project\Project\Manager\Manager\menu.cpp(1542,74): warning C4244: 'argument': conversion from 'float' to 'int', possible loss of data
C:\Users\84947\Source\FinalProject_CS162\CS162-project\Project\Manager\Manager\menu.cpp(1542,49): warning C4244: 'argument': conversion from 'float' to 'int', possible loss of data
C:\Users\84947\Source\FinalProject_CS162\CS162-project\Project\Manager\Manager\menu.cpp(1755,160): warning C4244: 'argument': conversion from 'float' to 'int', possible loss of data
C:\Users\84947\Source\FinalProject_CS162\CS162-project\Project\Manager\Manager\menu.cpp(1755,123): warning C4244: 'argument': conversion from 'float' to 'int', possible loss of data
C:\Users\84947\Source\FinalProject_CS162\CS162-project\Project\Manager\Manager\menu.cpp(1755,90): warning C4244: 'argument': conversion from 'float' to 'int', possible loss of data
C:\Users\84947\Source\FinalProject_CS162\CS162-project\Project\Manager\Manager\menu.cpp(1755,57): warning C4244: 'argument': conversion from 'float' to 'int', possible loss of data
C:\Users\84947\Source\FinalProject_CS162\CS162-project\Project\Manager\Manager\menu.cpp(2190,120): warning C4244: 'argument': conversion from 'float' to 'int', possible loss of data
C:\Users\84947\Source\FinalProject_CS162\CS162-project\Project\Manager\Manager\menu.cpp(2190,94): warning C4244: 'argument': conversion from 'float' to 'int', possible loss of data
C:\Users\84947\Source\FinalProject_CS162\CS162-project\Project\Manager\Manager\menu.cpp(2190,72): warning C4244: 'argument': conversion from 'float' to 'int', possible loss of data
C:\Users\84947\Source\FinalProject_CS162\CS162-project\Project\Manager\Manager\menu.cpp(2190,50): warning C4244: 'argument': conversion from 'float' to 'int', possible loss of data
C:\Users\84947\Source\FinalProject_CS162\CS162-project\Project\Manager\Manager\menu.cpp(2191,86): warning C4244: 'argument': conversion from 'float' to 'int', possible loss of data
C:\Users\84947\Source\FinalProject_CS162\CS162-project\Project\Manager\Manager\menu.cpp(2191,60): warning C4244: 'argument': conversion from 'float' to 'int', possible loss of data
C:\Users\84947\Source\FinalProject_CS162\CS162-project\Project\Manager\Manager\menu.cpp(2202,86): warning C4244: 'argument': conversion from 'float' to 'int', possible loss of data
C:\Users\84947\Source\FinalProject_CS162\CS162-project\Project\Manager\Manager\menu.cpp(2202,60): warning C4244: 'argument': conversion from 'float' to 'int', possible loss of data
C:\Users\84947\Source\FinalProject_CS162\CS162-project\Project\Manager\Manager\menu.cpp(2208,109): warning C4244: 'argument': conversion from 'float' to 'int', possible loss of data
C:\Users\84947\Source\FinalProject_CS162\CS162-project\Project\Manager\Manager\menu.cpp(2208,74): warning C4244: 'argument': conversion from 'float' to 'int', possible loss of data
C:\Users\84947\Source\FinalProject_CS162\CS162-project\Project\Manager\Manager\menu.cpp(2211,120): warning C4244: 'argument': conversion from 'float' to 'int', possible loss of data
C:\Users\84947\Source\FinalProject_CS162\CS162-project\Project\Manager\Manager\menu.cpp(2211,93): warning C4244: 'argument': conversion from 'float' to 'int', possible loss of data
C:\Users\84947\Source\FinalProject_CS162\CS162-project\Project\Manager\Manager\menu.cpp(2211,70): warning C4244: 'argument': conversion from 'float' to 'int', possible loss of data
C:\Users\84947\Source\FinalProject_CS162\CS162-project\Project\Manager\Manager\menu.cpp(2211,47): warning C4244: 'argument': conversion from 'float' to 'int', possible loss of data
  Generating Code...
  Manager.vcxproj -> C:\Users\84947\Source\FinalProject_CS162\CS162-project\Project\Manager\x64\Debug\Manager.exe
